<?xml version="1.0" encoding="UTF-8"?>
<!-- Generated by org.testng.reporters.JUnitReportReporter -->
<testsuite hostname="GillesZannou" name="ubersignup.UberSignUp" tests="2" failures="0" timestamp="14 Oct 2019 23:25:43 GMT" time="149.906" errors="0">
  <testcase name="test01_systemInfo" time="0.105" classname="ubersignup.UberSignUp"/>
  <testcase name="test02_signUp" time="149.801" classname="ubersignup.UberSignUp"/>
</testsuite> <!-- ubersignup.UberSignUp -->
