<?xml version="1.0" encoding="UTF-8"?>
<!-- Generated by org.testng.reporters.JUnitReportReporter -->
<testsuite hostname="GillesZannou" name="wikisignup.WkiSignUp" tests="1" failures="0" timestamp="19 Nov 2019 02:52:36 GMT" time="9.715" errors="0">
  <testcase name="test_SignUp" time="9.715" classname="wikisignup.WkiSignUp"/>
</testsuite> <!-- wikisignup.WkiSignUp -->
