<?xml version="1.0" encoding="UTF-8"?>
<!-- Generated by org.testng.reporters.JUnitReportReporter -->
<testsuite hostname="GillesZannou" name="PomProject_TestCases.VerifyAmazonSignIn" tests="1" failures="0" timestamp="19 Nov 2019 06:15:50 GMT" time="53.607" errors="0">
  <testcase name="VerifyValidSignIn" time="53.607" classname="PomProject_TestCases.VerifyAmazonSignIn"/>
</testsuite> <!-- PomProject_TestCases.VerifyAmazonSignIn -->
